<?xml version="1.0" encoding="UTF-8"?>
<testng-results ignored="11" total="13" passed="2" failed="0" skipped="0">
  <reporter-output>
  </reporter-output>
  <suite started-at="2023-05-18T10:38:36 IST" name="DemoSuite" finished-at="2023-05-18T10:38:58 IST" duration-ms="21722">
    <groups>
    </groups>
    <test started-at="2023-05-18T10:38:36 IST" name="Clarksstorelogin " finished-at="2023-05-18T10:38:58 IST" duration-ms="21722">
      <class name="com.hyr.Test.FirstTest">
        <test-method signature="launchapplication()[pri:0, instance:com.hyr.Test.FirstTest@6cd28fa7]" started-at="2023-05-18T10:38:36 IST" name="launchapplication" finished-at="2023-05-18T10:38:46 IST" duration-ms="9663" status="PASS">
          <reporter-output>
          </reporter-output>
        </test-method> <!-- launchapplication -->
        <test-method signature="createaccount()[pri:0, instance:com.hyr.Test.FirstTest@6cd28fa7]" started-at="2023-05-18T10:38:46 IST" name="createaccount" finished-at="2023-05-18T10:38:58 IST" duration-ms="12026" status="PASS">
          <reporter-output>
          </reporter-output>
        </test-method> <!-- createaccount -->
      </class> <!-- com.hyr.Test.FirstTest -->
    </test> <!-- Clarksstorelogin  -->
  </suite> <!-- DemoSuite -->
</testng-results>
